<?xml version="1.0" encoding="UTF-8"?>
<!-- Generated by org.testng.reporters.JUnitReportReporter -->
<testsuite hostname="Gayathri" failures="0" tests="2" name="pagetests.LoginPageTest" time="26.571" errors="0" timestamp="2024-06-09T15:27:25 IST" skipped="0">
  <testcase classname="pagetests.LoginPageTest" name="launchURL" time="20.188"/>
  <testcase classname="pagetests.LoginPageTest" name="testLogin" time="6.383"/>
</testsuite> <!-- pagetests.LoginPageTest -->
