<?xml version="1.0" encoding="UTF-8"?>
<!-- Generated by org.testng.reporters.JUnitReportReporter -->
<testsuite hostname="Gayathri" failures="0" tests="2" name="pagetests.HomePageTest" time="5.254" errors="0" timestamp="2024-06-09T15:27:25 IST" skipped="0">
  <testcase classname="pagetests.HomePageTest" name="testallMenu" time="0.428"/>
  <testcase classname="pagetests.HomePageTest" name="testFilterOfNavigator" time="4.826"/>
</testsuite> <!-- pagetests.HomePageTest -->
