<?xml version="1.0" encoding="UTF-8"?>
<!-- Generated by org.testng.reporters.JUnitReportReporter -->
<testsuite hostname="Gayathri" failures="0" tests="2" name="servicenowtests.VerifyNewIncidentCreation" time="23.065" errors="0" timestamp="2024-06-08T10:50:06 IST" skipped="0">
  <testcase classname="servicenowtests.VerifyNewIncidentCreation" name="launchURL" time="17.537"/>
  <testcase classname="servicenowtests.VerifyNewIncidentCreation" name="testLogin" time="5.528"/>
</testsuite> <!-- servicenowtests.VerifyNewIncidentCreation -->
