<?xml version="1.0" encoding="UTF-8"?>
<!-- Generated by org.testng.reporters.JUnitReportReporter -->
<testsuite hostname="Gayathri" failures="0" tests="2" name="pagetests.IncidentPageTest" time="13.567" errors="0" timestamp="2024-06-09T15:27:25 IST" skipped="0">
  <testcase classname="pagetests.IncidentPageTest" name="testCreateNewIncident" time="9.898"/>
  <testcase classname="pagetests.IncidentPageTest" name="testSubmitIncident" time="3.669"/>
</testsuite> <!-- pagetests.IncidentPageTest -->
